# JRE version: OpenJDK Runtime Environment JBR-17.0.7+7-1000.6-jcef (17.0.7+7) (build 17.0.7+7-b1000.6)
# Java VM: OpenJDK 64-Bit Server VM JBR-17.0.7+7-1000.6-jcef (17.0.7+7-b1000.6, mixed mode, tiered, compressed oops, compressed class ptrs, g1 gc, windows-amd64)
GC Precious Log:
 CPUs: 8 total, 8 available
 Memory: 24387M
 Large Page Support: Disabled
 NUMA Support: Disabled
 Compressed Oops: Enabled (32-bit)
 Heap Region Size: 1M
 Heap Min Capacity: 256M
 Heap Initial Capacity: 256M
 Heap Max Capacity: 512M
 Pre-touch: Disabled
 Parallel Workers: 8
 Concurrent Workers: 2
 Concurrent Refinement Workers: 8
 Periodic GC: Disabled
Heap:
 garbage-first heap   total 262144K, used 201510K [0x00000000e0000000, 0x0000000100000000)
  region size 1024K, 124 young (126976K), 11 survivors (11264K)
 Metaspace       used 87656K, committed 88448K, reserved 458752K
  class space    used 11876K, committed 12224K, reserved 327680K
GC Heap History (20 events):
Event: 0.719 GC heap before
{Heap before GC invocations=0 (full 0):
 garbage-first heap   total 262144K, used 26624K [0x00000000e0000000, 0x0000000100000000)
  region size 1024K, 23 young (23552K), 0 survivors (0K)
 Metaspace       used 10389K, committed 10624K, reserved 393216K
  class space    used 1077K, committed 1216K, reserved 327680K
}
Event: 0.722 GC heap after
{Heap after GC invocations=1 (full 0):
 garbage-first heap   total 262144K, used 10336K [0x00000000e0000000, 0x0000000100000000)
  region size 1024K, 3 young (3072K), 3 survivors (3072K)
 Metaspace       used 10389K, committed 10624K, reserved 393216K
  class space    used 1077K, committed 1216K, reserved 327680K
}
Event: 1.200 GC heap before
{Heap before GC invocations=1 (full 0):
 garbage-first heap   total 262144K, used 37984K [0x00000000e0000000, 0x0000000100000000)
  region size 1024K, 30 young (30720K), 3 survivors (3072K)
 Metaspace       used 11423K, committed 11584K, reserved 393216K
  class space    used 1194K, committed 1280K, reserved 327680K
}
Event: 1.203 GC heap after
{Heap after GC invocations=2 (full 0):
 garbage-first heap   total 262144K, used 11406K [0x00000000e0000000, 0x0000000100000000)
  region size 1024K, 1 young (1024K), 1 survivors (1024K)
 Metaspace       used 11423K, committed 11584K, reserved 393216K
  class space    used 1194K, committed 1280K, reserved 327680K
}
Event: 2.167 GC heap before
{Heap before GC invocations=2 (full 0):
 garbage-first heap   total 262144K, used 63630K [0x00000000e0000000, 0x0000000100000000)
  region size 1024K, 52 young (53248K), 1 survivors (1024K)
 Metaspace       used 21278K, committed 21504K, reserved 393216K
  class space    used 2518K, committed 2624K, reserved 327680K
}
Event: 2.171 GC heap after
{Heap after GC invocations=3 (full 0):
 garbage-first heap   total 262144K, used 18727K [0x00000000e0000000, 0x0000000100000000)
  region size 1024K, 8 young (8192K), 8 survivors (8192K)
 Metaspace       used 21278K, committed 21504K, reserved 393216K
  class space    used 2518K, committed 2624K, reserved 327680K
}
Event: 3.806 GC heap before
{Heap before GC invocations=4 (full 0):
 garbage-first heap   total 262144K, used 123175K [0x00000000e0000000, 0x0000000100000000)
  region size 1024K, 111 young (113664K), 8 survivors (8192K)
 Metaspace       used 35818K, committed 36096K, reserved 393216K
  class space    used 4952K, committed 5056K, reserved 327680K
}
Event: 3.814 GC heap after
{Heap after GC invocations=5 (full 0):
 garbage-first heap   total 262144K, used 23949K [0x00000000e0000000, 0x0000000100000000)
  region size 1024K, 14 young (14336K), 14 survivors (14336K)
 Metaspace       used 35818K, committed 36096K, reserved 393216K
  class space    used 4952K, committed 5056K, reserved 327680K
}
Event: 5.376 GC heap before
{Heap before GC invocations=6 (full 0):
 garbage-first heap   total 262144K, used 170381K [0x00000000e0000000, 0x0000000100000000)
  region size 1024K, 153 young (156672K), 14 survivors (14336K)
 Metaspace       used 48021K, committed 48384K, reserved 393216K
  class space    used 6456K, committed 6592K, reserved 327680K
}
Event: 5.393 GC heap after
{Heap after GC invocations=7 (full 0):
 garbage-first heap   total 262144K, used 34792K [0x00000000e0000000, 0x0000000100000000)
  region size 1024K, 16 young (16384K), 16 survivors (16384K)
 Metaspace       used 48021K, committed 48384K, reserved 393216K
  class space    used 6456K, committed 6592K, reserved 327680K
}
Event: 7.182 GC heap before
{Heap before GC invocations=7 (full 0):
 garbage-first heap   total 262144K, used 140264K [0x00000000e0000000, 0x0000000100000000)
  region size 1024K, 119 young (121856K), 16 survivors (16384K)
 Metaspace       used 59869K, committed 60288K, reserved 393216K
  class space    used 8118K, committed 8320K, reserved 327680K
}
Event: 7.193 GC heap after
{Heap after GC invocations=8 (full 0):
 garbage-first heap   total 262144K, used 40201K [0x00000000e0000000, 0x0000000100000000)
  region size 1024K, 7 young (7168K), 7 survivors (7168K)
 Metaspace       used 59869K, committed 60288K, reserved 393216K
  class space    used 8118K, committed 8320K, reserved 327680K
}
Event: 9.274 GC heap before
{Heap before GC invocations=9 (full 0):
 garbage-first heap   total 262144K, used 188681K [0x00000000e0000000, 0x0000000100000000)
  region size 1024K, 153 young (156672K), 7 survivors (7168K)
 Metaspace       used 69908K, committed 70464K, reserved 393216K
  class space    used 9746K, committed 9984K, reserved 327680K
}
Event: 9.287 GC heap after
{Heap after GC invocations=10 (full 0):
 garbage-first heap   total 262144K, used 52012K [0x00000000e0000000, 0x0000000100000000)
  region size 1024K, 19 young (19456K), 19 survivors (19456K)
 Metaspace       used 69908K, committed 70464K, reserved 393216K
  class space    used 9746K, committed 9984K, reserved 327680K
}
Event: 10.750 GC heap before
{Heap before GC invocations=10 (full 0):
 garbage-first heap   total 262144K, used 188204K [0x00000000e0000000, 0x0000000100000000)
  region size 1024K, 153 young (156672K), 19 survivors (19456K)
 Metaspace       used 72171K, committed 72768K, reserved 393216K
  class space    used 9951K, committed 10240K, reserved 327680K
}
Event: 10.767 GC heap after
{Heap after GC invocations=11 (full 0):
 garbage-first heap   total 262144K, used 61289K [0x00000000e0000000, 0x0000000100000000)
  region size 1024K, 11 young (11264K), 11 survivors (11264K)
 Metaspace       used 72171K, committed 72768K, reserved 393216K
  class space    used 9951K, committed 10240K, reserved 327680K
}
Event: 12.686 GC heap before
{Heap before GC invocations=11 (full 0):
 garbage-first heap   total 262144K, used 200553K [0x00000000e0000000, 0x0000000100000000)
  region size 1024K, 146 young (149504K), 11 survivors (11264K)
 Metaspace       used 81908K, committed 82624K, reserved 458752K
  class space    used 11216K, committed 11520K, reserved 327680K
}
Event: 12.702 GC heap after
{Heap after GC invocations=12 (full 0):
 garbage-first heap   total 262144K, used 80467K [0x00000000e0000000, 0x0000000100000000)
  region size 1024K, 19 young (19456K), 19 survivors (19456K)
 Metaspace       used 81908K, committed 82624K, reserved 458752K
  class space    used 11216K, committed 11520K, reserved 327680K
}
Event: 29.895 GC heap before
{Heap before GC invocations=12 (full 0):
 garbage-first heap   total 262144K, used 197203K [0x00000000e0000000, 0x0000000100000000)
  region size 1024K, 134 young (137216K), 19 survivors (19456K)
 Metaspace       used 84870K, committed 85568K, reserved 458752K
  class space    used 11553K, committed 11840K, reserved 327680K
}
Event: 29.907 GC heap after
{Heap after GC invocations=13 (full 0):
 garbage-first heap   total 262144K, used 85798K [0x00000000e0000000, 0x0000000100000000)
  region size 1024K, 11 young (11264K), 11 survivors (11264K)
 Metaspace       used 84870K, committed 85568K, reserved 458752K
  class space    used 11553K, committed 11840K, reserved 327680K
}

